[2026-02-07 12:55:38,131: INFO: common: yaml file: config\config.yaml loaded successfully]
[2026-02-07 12:55:38,396: INFO: common: yaml file: params.yaml loaded successfully]
[2026-02-07 12:56:30,813: INFO: common: yaml file: config\config.yaml loaded successfully]
[2026-02-07 12:56:30,816: INFO: common: yaml file: params.yaml loaded successfully]
[2026-02-07 12:56:30,820: INFO: common: yaml file: schema.yaml loaded successfully]
[2026-02-07 12:56:30,919: INFO: common: created directory at: artifacts]
[2026-02-07 12:56:30,930: INFO: common: created directory at: artifacts/data_ingestion]
[2026-02-07 12:58:43,485: INFO: common: yaml file: config\config.yaml loaded successfully]
[2026-02-07 12:58:43,489: INFO: common: yaml file: params.yaml loaded successfully]
[2026-02-07 12:58:43,493: INFO: common: yaml file: schema.yaml loaded successfully]
[2026-02-07 12:58:43,499: INFO: common: created directory at: artifacts]
[2026-02-07 12:58:43,520: INFO: common: created directory at: artifacts/data_ingestion]
[2026-02-07 12:58:44,647: INFO: 1233918453: artifacts/data_ingestion/data.zip download! with following info: 
Connection: close
Content-Length: 23329
Cache-Control: max-age=300
Content-Security-Policy: default-src 'none'; style-src 'unsafe-inline'; sandbox
Content-Type: application/zip
ETag: "c69888a4ae59bc5a893392785a938ccd4937981c06ba8a9d6a21aa52b4ab5b6e"
Strict-Transport-Security: max-age=31536000
X-Content-Type-Options: nosniff
X-Frame-Options: deny
X-XSS-Protection: 1; mode=block
X-GitHub-Request-Id: 7EE4:1ED50C:6DA21:13BEDB:6986E9AD
Accept-Ranges: bytes
Date: Sat, 07 Feb 2026 07:28:45 GMT
Via: 1.1 varnish
X-Served-By: cache-maa10221-MAA
X-Cache: MISS
X-Cache-Hits: 0
X-Timer: S1770449326.561464,VS0,VE275
Vary: Authorization,Accept-Encoding
Access-Control-Allow-Origin: *
Cross-Origin-Resource-Policy: cross-origin
X-Fastly-Request-ID: c34ebcf9826ff1011a1532e7b390ef190329baf2
Expires: Sat, 07 Feb 2026 07:33:45 GMT
Source-Age: 0

]
[2026-02-07 13:34:47,753: INFO: main: >>>>>>>> Data Ingestion Stage started <<<<<<<<]
[2026-02-07 13:34:47,755: INFO: common: yaml file: config\config.yaml loaded successfully]
[2026-02-07 13:34:47,756: INFO: common: yaml file: params.yaml loaded successfully]
[2026-02-07 13:34:47,757: INFO: common: yaml file: schema.yaml loaded successfully]
[2026-02-07 13:34:47,759: INFO: common: created directory at: artifacts]
[2026-02-07 13:34:47,761: INFO: common: created directory at: artifacts/data_ingestion]
[2026-02-07 13:34:47,761: ERROR: main: 'function' object has no attribute 'urlretrieve']
Traceback (most recent call last):
  File "main.py", line 9, in <module>
    obj.start_pipeline()
  File "e:\end-to-end-mlproject-with-mlflow\src\mlProject\pipeline\stage_01_data_ingestion.py", line 14, in start_pipeline
    data_ingestion.download_file()
  File "e:\end-to-end-mlproject-with-mlflow\src\mlProject\components\data_ingestion.py", line 17, in download_file
    filename, headers = request.urlretrieve(
AttributeError: 'function' object has no attribute 'urlretrieve'
[2026-02-07 13:38:48,796: INFO: main: >>>>>>>> Data Ingestion Stage started <<<<<<<<]
[2026-02-07 13:38:48,798: INFO: common: yaml file: config\config.yaml loaded successfully]
[2026-02-07 13:38:48,799: INFO: common: yaml file: params.yaml loaded successfully]
[2026-02-07 13:38:48,800: INFO: common: yaml file: schema.yaml loaded successfully]
[2026-02-07 13:38:48,801: INFO: common: created directory at: artifacts]
[2026-02-07 13:38:48,804: INFO: common: created directory at: artifacts/data_ingestion]
[2026-02-07 13:38:49,850: INFO: data_ingestion: artifacts/data_ingestion/data.zip download! with following info: 
Connection: close
Content-Length: 23329
Cache-Control: max-age=300
Content-Security-Policy: default-src 'none'; style-src 'unsafe-inline'; sandbox
Content-Type: application/zip
ETag: "c69888a4ae59bc5a893392785a938ccd4937981c06ba8a9d6a21aa52b4ab5b6e"
Strict-Transport-Security: max-age=31536000
X-Content-Type-Options: nosniff
X-Frame-Options: deny
X-XSS-Protection: 1; mode=block
X-GitHub-Request-Id: 7EE4:1ED50C:6DA21:13BEDB:6986E9AD
Accept-Ranges: bytes
Date: Sat, 07 Feb 2026 08:08:52 GMT
Via: 1.1 varnish
X-Served-By: cache-maa10238-MAA
X-Cache: HIT
X-Cache-Hits: 0
X-Timer: S1770451732.862953,VS0,VE242
Vary: Authorization,Accept-Encoding
Access-Control-Allow-Origin: *
Cross-Origin-Resource-Policy: cross-origin
X-Fastly-Request-ID: 6c55b293f1c62f91b64f86739eb64f62fde3044f
Expires: Sat, 07 Feb 2026 08:13:52 GMT
Source-Age: 0

]
[2026-02-07 13:38:49,900: INFO: main: >>>>>>>> Data Ingestion Stage completed <<<<<<<]
[2026-02-07 14:57:00,655: INFO: common: yaml file: config\config.yaml loaded successfully]
[2026-02-07 14:57:00,975: INFO: common: yaml file: params.yaml loaded successfully]
[2026-02-07 14:57:00,986: INFO: common: yaml file: schema.yaml loaded successfully]
[2026-02-07 14:57:01,029: INFO: common: created directory at: artifacts]
[2026-02-07 14:57:01,037: INFO: common: created directory at: artifacts/data_validation]
[2026-02-07 15:30:46,398: INFO: main: >>>>>>>> Data Ingestion Stage started <<<<<<<<]
[2026-02-07 15:30:46,401: INFO: common: yaml file: config\config.yaml loaded successfully]
[2026-02-07 15:30:46,402: INFO: common: yaml file: params.yaml loaded successfully]
[2026-02-07 15:30:46,406: INFO: common: yaml file: schema.yaml loaded successfully]
[2026-02-07 15:30:46,407: INFO: common: created directory at: artifacts]
[2026-02-07 15:30:46,407: INFO: common: created directory at: artifacts/data_ingestion]
[2026-02-07 15:30:46,408: INFO: data_ingestion: File already exists of size: ~ 23 KB]
[2026-02-07 15:30:46,509: INFO: main: >>>>>>>> Data Ingestion Stage completed <<<<<<<]
[2026-02-07 15:30:46,509: INFO: main: >>>>>>>> Data Validation Stage started <<<<<<<<]
[2026-02-07 15:30:46,512: INFO: common: yaml file: config\config.yaml loaded successfully]
[2026-02-07 15:30:46,513: INFO: common: yaml file: params.yaml loaded successfully]
[2026-02-07 15:30:46,516: INFO: common: yaml file: schema.yaml loaded successfully]
[2026-02-07 15:30:46,517: INFO: common: created directory at: artifacts]
[2026-02-07 15:30:46,517: INFO: common: created directory at: artifacts/data_validation]
[2026-02-07 15:30:46,636: INFO: main: >>>>>>>> Data Validation Stage completed <<<<<<<]
[2026-02-07 15:31:13,756: INFO: main: >>>>>>>> Data Ingestion Stage started <<<<<<<<]
[2026-02-07 15:31:13,759: INFO: common: yaml file: config\config.yaml loaded successfully]
[2026-02-07 15:31:13,760: INFO: common: yaml file: params.yaml loaded successfully]
[2026-02-07 15:31:13,763: INFO: common: yaml file: schema.yaml loaded successfully]
[2026-02-07 15:31:13,765: INFO: common: created directory at: artifacts]
[2026-02-07 15:31:13,767: INFO: common: created directory at: artifacts/data_ingestion]
[2026-02-07 15:31:15,311: INFO: data_ingestion: artifacts/data_ingestion/data.zip download! with following info: 
Connection: close
Content-Length: 23329
Cache-Control: max-age=300
Content-Security-Policy: default-src 'none'; style-src 'unsafe-inline'; sandbox
Content-Type: application/zip
ETag: "c69888a4ae59bc5a893392785a938ccd4937981c06ba8a9d6a21aa52b4ab5b6e"
Strict-Transport-Security: max-age=31536000
X-Content-Type-Options: nosniff
X-Frame-Options: deny
X-XSS-Protection: 1; mode=block
X-GitHub-Request-Id: E837:93D51:8FE09:195294:69870D6F
Accept-Ranges: bytes
Date: Sat, 07 Feb 2026 10:01:20 GMT
Via: 1.1 varnish
X-Served-By: cache-maa10225-MAA
X-Cache: MISS
X-Cache-Hits: 0
X-Timer: S1770458480.973454,VS0,VE281
Vary: Authorization,Accept-Encoding
Access-Control-Allow-Origin: *
Cross-Origin-Resource-Policy: cross-origin
X-Fastly-Request-ID: 4d1d23f31350d3ba01408b4514a7418c5f4d71c2
Expires: Sat, 07 Feb 2026 10:06:20 GMT
Source-Age: 0

]
[2026-02-07 15:31:15,334: INFO: main: >>>>>>>> Data Ingestion Stage completed <<<<<<<]
[2026-02-07 15:31:15,345: INFO: main: >>>>>>>> Data Validation Stage started <<<<<<<<]
[2026-02-07 15:31:15,349: INFO: common: yaml file: config\config.yaml loaded successfully]
[2026-02-07 15:31:15,350: INFO: common: yaml file: params.yaml loaded successfully]
[2026-02-07 15:31:15,353: INFO: common: yaml file: schema.yaml loaded successfully]
[2026-02-07 15:31:15,354: INFO: common: created directory at: artifacts]
[2026-02-07 15:31:15,355: INFO: common: created directory at: artifacts/data_validation]
[2026-02-07 15:31:15,382: INFO: main: >>>>>>>> Data Validation Stage completed <<<<<<<]
[2026-02-07 15:50:00,103: INFO: common: yaml file: config\config.yaml loaded successfully]
[2026-02-07 15:50:00,153: INFO: common: yaml file: params.yaml loaded successfully]
[2026-02-07 15:50:00,160: INFO: common: yaml file: schema.yaml loaded successfully]
[2026-02-07 15:50:00,164: INFO: common: created directory at: artifacts]
[2026-02-07 15:50:00,168: INFO: common: created directory at: artifacts/data_tranformation]
[2026-02-07 15:50:00,861: INFO: 3699021339: Splited data into training and test sets]
[2026-02-07 15:50:00,863: INFO: 3699021339: (1199, 12)]
[2026-02-07 15:50:00,865: INFO: 3699021339: (400, 12)]
[2026-02-07 16:04:21,233: INFO: main: >>>>>>>> Data Ingestion Stage started <<<<<<<<]
[2026-02-07 16:04:21,237: INFO: common: yaml file: config\config.yaml loaded successfully]
[2026-02-07 16:04:21,238: INFO: common: yaml file: params.yaml loaded successfully]
[2026-02-07 16:04:21,241: INFO: common: yaml file: schema.yaml loaded successfully]
[2026-02-07 16:04:21,242: INFO: common: created directory at: artifacts]
[2026-02-07 16:04:21,282: INFO: common: created directory at: artifacts/data_ingestion]
[2026-02-07 16:04:22,356: INFO: data_ingestion: artifacts/data_ingestion/data.zip download! with following info: 
Connection: close
Content-Length: 23329
Cache-Control: max-age=300
Content-Security-Policy: default-src 'none'; style-src 'unsafe-inline'; sandbox
Content-Type: application/zip
ETag: "c69888a4ae59bc5a893392785a938ccd4937981c06ba8a9d6a21aa52b4ab5b6e"
Strict-Transport-Security: max-age=31536000
X-Content-Type-Options: nosniff
X-Frame-Options: deny
X-XSS-Protection: 1; mode=block
X-GitHub-Request-Id: E837:93D51:8FE09:195294:69870D6F
Accept-Ranges: bytes
Date: Sat, 07 Feb 2026 10:34:28 GMT
Via: 1.1 varnish
X-Served-By: cache-maa10227-MAA
X-Cache: HIT
X-Cache-Hits: 0
X-Timer: S1770460468.833161,VS0,VE258
Vary: Authorization,Accept-Encoding
Access-Control-Allow-Origin: *
Cross-Origin-Resource-Policy: cross-origin
X-Fastly-Request-ID: 2af046e11cc084e5911884b8cadb596f09e759a8
Expires: Sat, 07 Feb 2026 10:39:28 GMT
Source-Age: 0

]
[2026-02-07 16:04:22,362: INFO: main: >>>>>>>> Data Ingestion Stage completed <<<<<<<]
[2026-02-07 16:04:22,365: INFO: main: >>>>>>>> Data Validation Stage started <<<<<<<<]
[2026-02-07 16:04:22,369: INFO: common: yaml file: config\config.yaml loaded successfully]
[2026-02-07 16:04:22,370: INFO: common: yaml file: params.yaml loaded successfully]
[2026-02-07 16:04:22,377: INFO: common: yaml file: schema.yaml loaded successfully]
[2026-02-07 16:04:22,394: INFO: common: created directory at: artifacts]
[2026-02-07 16:04:22,397: INFO: common: created directory at: artifacts/data_validation]
[2026-02-07 16:04:22,411: INFO: main: >>>>>>>> Data Validation Stage completed <<<<<<<]
[2026-02-07 16:04:22,413: INFO: main: >>>>>>>> Data Transformation Stage started <<<<<<<<]
[2026-02-07 16:04:22,435: INFO: common: yaml file: config\config.yaml loaded successfully]
[2026-02-07 16:04:22,440: INFO: common: yaml file: params.yaml loaded successfully]
[2026-02-07 16:04:22,451: INFO: common: yaml file: schema.yaml loaded successfully]
[2026-02-07 16:04:22,452: INFO: common: created directory at: artifacts]
[2026-02-07 16:04:22,454: INFO: common: created directory at: artifacts/data_tranformation]
[2026-02-07 16:04:22,512: INFO: data_transformation: Splited data into training and test sets]
[2026-02-07 16:04:22,514: INFO: data_transformation: (1199, 12)]
[2026-02-07 16:04:22,515: INFO: data_transformation: (400, 12)]
[2026-02-07 16:04:22,520: INFO: main: >>>>>>>> Data Transformation Stage completed <<<<<<<]
[2026-02-07 16:12:14,043: INFO: main: >>>>>>>> Data Ingestion Stage started <<<<<<<<]
[2026-02-07 16:12:14,047: INFO: common: yaml file: config\config.yaml loaded successfully]
[2026-02-07 16:12:14,048: INFO: common: yaml file: params.yaml loaded successfully]
[2026-02-07 16:12:14,051: INFO: common: yaml file: schema.yaml loaded successfully]
[2026-02-07 16:12:14,052: INFO: common: created directory at: artifacts]
[2026-02-07 16:12:14,053: INFO: common: created directory at: artifacts/data_ingestion]
[2026-02-07 16:12:15,088: INFO: data_ingestion: artifacts/data_ingestion/data.zip download! with following info: 
Connection: close
Content-Length: 23329
Cache-Control: max-age=300
Content-Security-Policy: default-src 'none'; style-src 'unsafe-inline'; sandbox
Content-Type: application/zip
ETag: "c69888a4ae59bc5a893392785a938ccd4937981c06ba8a9d6a21aa52b4ab5b6e"
Strict-Transport-Security: max-age=31536000
X-Content-Type-Options: nosniff
X-Frame-Options: deny
X-XSS-Protection: 1; mode=block
X-GitHub-Request-Id: E837:93D51:8FE09:195294:69870D6F
Accept-Ranges: bytes
Date: Sat, 07 Feb 2026 10:42:21 GMT
Via: 1.1 varnish
X-Served-By: cache-maa10228-MAA
X-Cache: HIT
X-Cache-Hits: 0
X-Timer: S1770460941.751934,VS0,VE264
Vary: Authorization,Accept-Encoding
Access-Control-Allow-Origin: *
Cross-Origin-Resource-Policy: cross-origin
X-Fastly-Request-ID: 220e4ce3102e460e8bf0091853e52302890900c5
Expires: Sat, 07 Feb 2026 10:47:21 GMT
Source-Age: 0

]
[2026-02-07 16:12:15,104: INFO: main: >>>>>>>> Data Ingestion Stage completed <<<<<<<]
[2026-02-07 16:12:15,104: INFO: main: >>>>>>>> Data Validation Stage started <<<<<<<<]
[2026-02-07 16:12:15,112: INFO: common: yaml file: config\config.yaml loaded successfully]
[2026-02-07 16:12:15,114: INFO: common: yaml file: params.yaml loaded successfully]
[2026-02-07 16:12:15,130: INFO: common: yaml file: schema.yaml loaded successfully]
[2026-02-07 16:12:15,131: INFO: common: created directory at: artifacts]
[2026-02-07 16:12:15,133: INFO: common: created directory at: artifacts/data_validation]
[2026-02-07 16:12:15,146: INFO: main: >>>>>>>> Data Validation Stage completed <<<<<<<]
[2026-02-07 16:12:15,146: INFO: main: >>>>>>>> Data Transformation Stage started <<<<<<<<]
[2026-02-07 16:12:15,156: INFO: common: yaml file: config\config.yaml loaded successfully]
[2026-02-07 16:12:15,159: INFO: common: yaml file: params.yaml loaded successfully]
[2026-02-07 16:12:15,163: INFO: common: yaml file: schema.yaml loaded successfully]
[2026-02-07 16:12:15,165: INFO: common: created directory at: artifacts]
[2026-02-07 16:12:15,167: INFO: common: created directory at: artifacts/data_tranformation]
[2026-02-07 16:12:15,204: INFO: data_transformation: Splited data into training and test sets]
[2026-02-07 16:12:15,208: INFO: data_transformation: (1199, 12)]
[2026-02-07 16:12:15,210: INFO: data_transformation: (400, 12)]
[2026-02-07 16:12:15,365: INFO: main: >>>>>>>> Data Transformation Stage completed <<<<<<<]
[2026-02-07 22:14:14,589: INFO: common: yaml file: config\config.yaml loaded successfully]
[2026-02-07 22:14:14,886: INFO: common: yaml file: params.yaml loaded successfully]
[2026-02-07 22:14:14,898: INFO: common: yaml file: schema.yaml loaded successfully]
[2026-02-07 22:14:15,024: INFO: common: created directory at: artifacts]
[2026-02-07 22:14:15,030: INFO: common: created directory at: artifacts/model_trainer]
[2026-02-07 22:16:02,275: INFO: main: >>>>>>>> Data Ingestion Stage started <<<<<<<<]
[2026-02-07 22:16:02,280: INFO: common: yaml file: config\config.yaml loaded successfully]
[2026-02-07 22:16:02,282: INFO: common: yaml file: params.yaml loaded successfully]
[2026-02-07 22:16:02,285: INFO: common: yaml file: schema.yaml loaded successfully]
[2026-02-07 22:16:02,286: INFO: common: created directory at: artifacts]
[2026-02-07 22:16:02,287: INFO: common: created directory at: artifacts/data_ingestion]
[2026-02-07 22:16:04,313: INFO: data_ingestion: artifacts/data_ingestion/data.zip download! with following info: 
Connection: close
Content-Length: 23329
Cache-Control: max-age=300
Content-Security-Policy: default-src 'none'; style-src 'unsafe-inline'; sandbox
Content-Type: application/zip
ETag: "c69888a4ae59bc5a893392785a938ccd4937981c06ba8a9d6a21aa52b4ab5b6e"
Strict-Transport-Security: max-age=31536000
X-Content-Type-Options: nosniff
X-Frame-Options: deny
X-XSS-Protection: 1; mode=block
X-GitHub-Request-Id: D85E:21E7B0:1EE2BC:5068FB:6988653E
Accept-Ranges: bytes
Date: Sun, 08 Feb 2026 10:28:14 GMT
Via: 1.1 varnish
X-Served-By: cache-maa10231-MAA
X-Cache: MISS
X-Cache-Hits: 0
X-Timer: S1770546495.524536,VS0,VE258
Vary: Authorization,Accept-Encoding
Access-Control-Allow-Origin: *
Cross-Origin-Resource-Policy: cross-origin
X-Fastly-Request-ID: 832766c478d0f7e482a54e66e1fe6f438980e943
Expires: Sun, 08 Feb 2026 10:33:14 GMT
Source-Age: 0

]
[2026-02-07 22:16:04,360: INFO: main: >>>>>>>> Data Ingestion Stage completed <<<<<<<]
[2026-02-07 22:16:04,361: INFO: main: >>>>>>>> Data Validation Stage started <<<<<<<<]
[2026-02-07 22:16:04,369: INFO: common: yaml file: config\config.yaml loaded successfully]
[2026-02-07 22:16:04,371: INFO: common: yaml file: params.yaml loaded successfully]
[2026-02-07 22:16:04,377: INFO: common: yaml file: schema.yaml loaded successfully]
[2026-02-07 22:16:04,379: INFO: common: created directory at: artifacts]
[2026-02-07 22:16:04,380: INFO: common: created directory at: artifacts/data_validation]
[2026-02-07 22:16:04,543: INFO: main: >>>>>>>> Data Validation Stage completed <<<<<<<]
[2026-02-07 22:16:04,543: INFO: main: >>>>>>>> Data Transformation Stage started <<<<<<<<]
[2026-02-07 22:16:04,548: INFO: common: yaml file: config\config.yaml loaded successfully]
[2026-02-07 22:16:04,549: INFO: common: yaml file: params.yaml loaded successfully]
[2026-02-07 22:16:04,552: INFO: common: yaml file: schema.yaml loaded successfully]
[2026-02-07 22:16:04,553: INFO: common: created directory at: artifacts]
[2026-02-07 22:16:04,555: INFO: common: created directory at: artifacts/data_transformation]
[2026-02-07 22:16:04,640: INFO: data_transformation: Splited data into training and test sets]
[2026-02-07 22:16:04,640: INFO: data_transformation: (1199, 12)]
[2026-02-07 22:16:04,641: INFO: data_transformation: (400, 12)]
[2026-02-07 22:16:04,642: INFO: main: >>>>>>>> Data Transformation Stage completed <<<<<<<]
[2026-02-07 22:16:50,437: INFO: common: yaml file: config\config.yaml loaded successfully]
[2026-02-07 22:16:50,443: INFO: common: yaml file: params.yaml loaded successfully]
[2026-02-07 22:16:50,450: INFO: common: yaml file: schema.yaml loaded successfully]
[2026-02-07 22:16:50,451: INFO: common: created directory at: artifacts]
[2026-02-07 22:16:50,458: INFO: common: created directory at: artifacts/model_trainer]
[2026-02-07 22:33:04,513: INFO: main: >>>>>>>> Data Ingestion Stage started <<<<<<<<]
[2026-02-07 22:33:04,519: INFO: common: yaml file: config\config.yaml loaded successfully]
[2026-02-07 22:33:04,521: INFO: common: yaml file: params.yaml loaded successfully]
[2026-02-07 22:33:04,536: INFO: common: yaml file: schema.yaml loaded successfully]
[2026-02-07 22:33:04,540: INFO: common: created directory at: artifacts]
[2026-02-07 22:33:04,540: INFO: common: created directory at: artifacts/data_ingestion]
[2026-02-07 22:33:05,022: ERROR: main: HTTP Error 502: Bad Gateway or Proxy Error]
Traceback (most recent call last):
  File "main.py", line 12, in <module>
    data_ingestion.start_pipeline()
  File "e:\end-to-end-mlproject-with-mlflow\src\mlProject\pipeline\stage_01_data_ingestion.py", line 14, in start_pipeline
    data_ingestion.download_file()
  File "e:\end-to-end-mlproject-with-mlflow\src\mlProject\components\data_ingestion.py", line 17, in download_file
    filename, headers = request.urlretrieve(
  File "C:\Users\neelakanta\AppData\Local\Programs\Python\Python38\lib\urllib\request.py", line 247, in urlretrieve
    with contextlib.closing(urlopen(url, data)) as fp:
  File "C:\Users\neelakanta\AppData\Local\Programs\Python\Python38\lib\urllib\request.py", line 222, in urlopen
    return opener.open(url, data, timeout)
  File "C:\Users\neelakanta\AppData\Local\Programs\Python\Python38\lib\urllib\request.py", line 531, in open
    response = meth(req, response)
  File "C:\Users\neelakanta\AppData\Local\Programs\Python\Python38\lib\urllib\request.py", line 640, in http_response
    response = self.parent.error(
  File "C:\Users\neelakanta\AppData\Local\Programs\Python\Python38\lib\urllib\request.py", line 569, in error
    return self._call_chain(*args)
  File "C:\Users\neelakanta\AppData\Local\Programs\Python\Python38\lib\urllib\request.py", line 502, in _call_chain
    result = func(*args)
  File "C:\Users\neelakanta\AppData\Local\Programs\Python\Python38\lib\urllib\request.py", line 649, in http_error_default
    raise HTTPError(req.full_url, code, msg, hdrs, fp)
urllib.error.HTTPError: HTTP Error 502: Bad Gateway or Proxy Error
[2026-02-07 22:37:20,241: INFO: main: >>>>>>>> Data Ingestion Stage started <<<<<<<<]
[2026-02-07 22:37:20,246: INFO: common: yaml file: config\config.yaml loaded successfully]
[2026-02-07 22:37:20,247: INFO: common: yaml file: params.yaml loaded successfully]
[2026-02-07 22:37:20,250: INFO: common: yaml file: schema.yaml loaded successfully]
[2026-02-07 22:37:20,251: INFO: common: created directory at: artifacts]
[2026-02-07 22:37:20,252: INFO: common: created directory at: artifacts/data_ingestion]
[2026-02-07 22:37:21,253: INFO: data_ingestion: artifacts/data_ingestion/data.zip download! with following info: 
Connection: close
Content-Length: 23329
Cache-Control: max-age=300
Content-Security-Policy: default-src 'none'; style-src 'unsafe-inline'; sandbox
Content-Type: application/zip
ETag: "c69888a4ae59bc5a893392785a938ccd4937981c06ba8a9d6a21aa52b4ab5b6e"
Strict-Transport-Security: max-age=31536000
X-Content-Type-Options: nosniff
X-Frame-Options: deny
X-XSS-Protection: 1; mode=block
X-GitHub-Request-Id: D85E:21E7B0:1EE2BC:5068FB:6988653E
Accept-Ranges: bytes
Date: Sun, 08 Feb 2026 10:49:32 GMT
Via: 1.1 varnish
X-Served-By: cache-maa10241-MAA
X-Cache: HIT
X-Cache-Hits: 0
X-Timer: S1770547772.298394,VS0,VE242
Vary: Authorization,Accept-Encoding
Access-Control-Allow-Origin: *
Cross-Origin-Resource-Policy: cross-origin
X-Fastly-Request-ID: 77849ac88b9a04fcee22383d14b8182b2d08a301
Expires: Sun, 08 Feb 2026 10:54:32 GMT
Source-Age: 0

]
[2026-02-07 22:37:21,257: INFO: main: >>>>>>>> Data Ingestion Stage completed <<<<<<<]
[2026-02-07 22:37:21,258: INFO: main: >>>>>>>> Data Validation Stage started <<<<<<<<]
[2026-02-07 22:37:21,262: INFO: common: yaml file: config\config.yaml loaded successfully]
[2026-02-07 22:37:21,264: INFO: common: yaml file: params.yaml loaded successfully]
[2026-02-07 22:37:21,267: INFO: common: yaml file: schema.yaml loaded successfully]
[2026-02-07 22:37:21,268: INFO: common: created directory at: artifacts]
[2026-02-07 22:37:21,268: INFO: common: created directory at: artifacts/data_validation]
[2026-02-07 22:37:21,279: INFO: main: >>>>>>>> Data Validation Stage completed <<<<<<<]
[2026-02-07 22:37:21,279: INFO: main: >>>>>>>> Data Transformation Stage started <<<<<<<<]
[2026-02-07 22:37:21,283: INFO: common: yaml file: config\config.yaml loaded successfully]
[2026-02-07 22:37:21,285: INFO: common: yaml file: params.yaml loaded successfully]
[2026-02-07 22:37:21,288: INFO: common: yaml file: schema.yaml loaded successfully]
[2026-02-07 22:37:21,292: INFO: common: created directory at: artifacts]
[2026-02-07 22:37:21,325: INFO: common: created directory at: artifacts/data_transformation]
[2026-02-07 22:37:21,393: INFO: data_transformation: Splited data into training and test sets]
[2026-02-07 22:37:21,394: INFO: data_transformation: (1199, 12)]
[2026-02-07 22:37:21,394: INFO: data_transformation: (400, 12)]
[2026-02-07 22:37:21,395: INFO: main: >>>>>>>> Data Transformation Stage completed <<<<<<<]
[2026-02-07 22:37:21,396: INFO: main: >>>>>>>> Model Training Stage started <<<<<<<<]
[2026-02-07 22:37:21,401: INFO: common: yaml file: config\config.yaml loaded successfully]
[2026-02-07 22:37:21,403: INFO: common: yaml file: params.yaml loaded successfully]
[2026-02-07 22:37:21,407: INFO: common: yaml file: schema.yaml loaded successfully]
[2026-02-07 22:37:21,408: INFO: common: created directory at: artifacts]
[2026-02-07 22:37:21,410: INFO: common: created directory at: artifacts/model_trainer]
[2026-02-07 22:37:21,435: INFO: main: >>>>>>>> Model Training Stage completed <<<<<<<]
